CRITICAL - 2023-05-05 20:03:45 --> Invalid file: "listar.php"
in SYSTEMPATH/Exceptions/FrameworkException.php on line 33.
 1 SYSTEMPATH/View/View.php(201): CodeIgniter\Exceptions\FrameworkException::forInvalidFile()
 2 SYSTEMPATH/Common.php(1184): CodeIgniter\View\View->render()
 3 APPPATH/Controllers/Home.php(9): view()
 4 SYSTEMPATH/CodeIgniter.php(934): App\Controllers\Home->index()
 5 SYSTEMPATH/CodeIgniter.php(499): CodeIgniter\CodeIgniter->runController()
 6 SYSTEMPATH/CodeIgniter.php(368): CodeIgniter\CodeIgniter->handleRequest()
 7 FCPATH/index.php(67): CodeIgniter\CodeIgniter->run()
 8 SYSTEMPATH/Commands/Server/rewrite.php(47): require_once('/var/www/Dev/biblioteca/public/index.php')
CRITICAL - 2023-05-05 21:12:06 --> Invalid file: "libros/listars.php"
in SYSTEMPATH/Exceptions/FrameworkException.php on line 33.
 1 SYSTEMPATH/View/View.php(201): CodeIgniter\Exceptions\FrameworkException::forInvalidFile()
 2 SYSTEMPATH/Common.php(1184): CodeIgniter\View\View->render()
 3 APPPATH/Controllers/Libros.php(9): view()
 4 SYSTEMPATH/CodeIgniter.php(934): App\Controllers\Libros->index()
 5 SYSTEMPATH/CodeIgniter.php(499): CodeIgniter\CodeIgniter->runController()
 6 SYSTEMPATH/CodeIgniter.php(368): CodeIgniter\CodeIgniter->handleRequest()
 7 FCPATH/index.php(67): CodeIgniter\CodeIgniter->run()
 8 SYSTEMPATH/Commands/Server/rewrite.php(47): require_once('/var/www/Dev/biblioteca/public/index.php')
CRITICAL - 2023-05-05 21:13:03 --> Invalid file: "libros/listars.php"
in SYSTEMPATH/Exceptions/FrameworkException.php on line 33.
 1 SYSTEMPATH/View/View.php(201): CodeIgniter\Exceptions\FrameworkException::forInvalidFile()
 2 SYSTEMPATH/Common.php(1184): CodeIgniter\View\View->render()
 3 APPPATH/Controllers/Libros.php(9): view()
 4 SYSTEMPATH/CodeIgniter.php(934): App\Controllers\Libros->index()
 5 SYSTEMPATH/CodeIgniter.php(499): CodeIgniter\CodeIgniter->runController()
 6 SYSTEMPATH/CodeIgniter.php(368): CodeIgniter\CodeIgniter->handleRequest()
 7 FCPATH/index.php(67): CodeIgniter\CodeIgniter->run()
 8 SYSTEMPATH/Commands/Server/rewrite.php(47): require_once('/var/www/Dev/biblioteca/public/index.php')
CRITICAL - 2023-05-05 21:30:52 --> Undefined variable $libros
in APPPATH/Views/libros/listar.php on line 11.
 1 APPPATH/Views/libros/listar.php(11): CodeIgniter\Debug\Exceptions->errorHandler()
 2 SYSTEMPATH/View/View.php(213): include('/var/www/Dev/biblioteca/app/Views/libros/listar.php')
 3 SYSTEMPATH/View/View.php(216): CodeIgniter\View\View->CodeIgniter\View\{closure}()
 4 SYSTEMPATH/Common.php(1184): CodeIgniter\View\View->render()
 5 APPPATH/Controllers/Libros.php(10): view()
 6 SYSTEMPATH/CodeIgniter.php(934): App\Controllers\Libros->index()
 7 SYSTEMPATH/CodeIgniter.php(499): CodeIgniter\CodeIgniter->runController()
 8 SYSTEMPATH/CodeIgniter.php(368): CodeIgniter\CodeIgniter->handleRequest()
 9 FCPATH/index.php(67): CodeIgniter\CodeIgniter->run()
10 SYSTEMPATH/Commands/Server/rewrite.php(47): require_once('/var/www/Dev/biblioteca/public/index.php')
CRITICAL - 2023-05-05 21:30:58 --> Undefined variable $libros
in APPPATH/Views/libros/listar.php on line 11.
 1 APPPATH/Views/libros/listar.php(11): CodeIgniter\Debug\Exceptions->errorHandler()
 2 SYSTEMPATH/View/View.php(213): include('/var/www/Dev/biblioteca/app/Views/libros/listar.php')
 3 SYSTEMPATH/View/View.php(216): CodeIgniter\View\View->CodeIgniter\View\{closure}()
 4 SYSTEMPATH/Common.php(1184): CodeIgniter\View\View->render()
 5 APPPATH/Controllers/Libros.php(10): view()
 6 SYSTEMPATH/CodeIgniter.php(934): App\Controllers\Libros->index()
 7 SYSTEMPATH/CodeIgniter.php(499): CodeIgniter\CodeIgniter->runController()
 8 SYSTEMPATH/CodeIgniter.php(368): CodeIgniter\CodeIgniter->handleRequest()
 9 FCPATH/index.php(67): CodeIgniter\CodeIgniter->run()
10 SYSTEMPATH/Commands/Server/rewrite.php(47): require_once('/var/www/Dev/biblioteca/public/index.php')
CRITICAL - 2023-05-05 21:30:59 --> Undefined variable $libros
in APPPATH/Views/libros/listar.php on line 11.
 1 APPPATH/Views/libros/listar.php(11): CodeIgniter\Debug\Exceptions->errorHandler()
 2 SYSTEMPATH/View/View.php(213): include('/var/www/Dev/biblioteca/app/Views/libros/listar.php')
 3 SYSTEMPATH/View/View.php(216): CodeIgniter\View\View->CodeIgniter\View\{closure}()
 4 SYSTEMPATH/Common.php(1184): CodeIgniter\View\View->render()
 5 APPPATH/Controllers/Libros.php(10): view()
 6 SYSTEMPATH/CodeIgniter.php(934): App\Controllers\Libros->index()
 7 SYSTEMPATH/CodeIgniter.php(499): CodeIgniter\CodeIgniter->runController()
 8 SYSTEMPATH/CodeIgniter.php(368): CodeIgniter\CodeIgniter->handleRequest()
 9 FCPATH/index.php(67): CodeIgniter\CodeIgniter->run()
10 SYSTEMPATH/Commands/Server/rewrite.php(47): require_once('/var/www/Dev/biblioteca/public/index.php')
CRITICAL - 2023-05-05 21:31:00 --> Undefined variable $libros
in APPPATH/Views/libros/listar.php on line 11.
 1 APPPATH/Views/libros/listar.php(11): CodeIgniter\Debug\Exceptions->errorHandler()
 2 SYSTEMPATH/View/View.php(213): include('/var/www/Dev/biblioteca/app/Views/libros/listar.php')
 3 SYSTEMPATH/View/View.php(216): CodeIgniter\View\View->CodeIgniter\View\{closure}()
 4 SYSTEMPATH/Common.php(1184): CodeIgniter\View\View->render()
 5 APPPATH/Controllers/Libros.php(10): view()
 6 SYSTEMPATH/CodeIgniter.php(934): App\Controllers\Libros->index()
 7 SYSTEMPATH/CodeIgniter.php(499): CodeIgniter\CodeIgniter->runController()
 8 SYSTEMPATH/CodeIgniter.php(368): CodeIgniter\CodeIgniter->handleRequest()
 9 FCPATH/index.php(67): CodeIgniter\CodeIgniter->run()
10 SYSTEMPATH/Commands/Server/rewrite.php(47): require_once('/var/www/Dev/biblioteca/public/index.php')
CRITICAL - 2023-05-05 21:40:29 --> Undefined variable $libro
in APPPATH/Views/libros/listar.php on line 11.
 1 APPPATH/Views/libros/listar.php(11): CodeIgniter\Debug\Exceptions->errorHandler()
 2 SYSTEMPATH/View/View.php(213): include('/var/www/Dev/biblioteca/app/Views/libros/listar.php')
 3 SYSTEMPATH/View/View.php(216): CodeIgniter\View\View->CodeIgniter\View\{closure}()
 4 SYSTEMPATH/Common.php(1184): CodeIgniter\View\View->render()
 5 APPPATH/Controllers/Libros.php(10): view()
 6 SYSTEMPATH/CodeIgniter.php(934): App\Controllers\Libros->index()
 7 SYSTEMPATH/CodeIgniter.php(499): CodeIgniter\CodeIgniter->runController()
 8 SYSTEMPATH/CodeIgniter.php(368): CodeIgniter\CodeIgniter->handleRequest()
 9 FCPATH/index.php(67): CodeIgniter\CodeIgniter->run()
10 SYSTEMPATH/Commands/Server/rewrite.php(47): require_once('/var/www/Dev/biblioteca/public/index.php')
CRITICAL - 2023-05-05 21:40:31 --> Undefined variable $libro
in APPPATH/Views/libros/listar.php on line 11.
 1 APPPATH/Views/libros/listar.php(11): CodeIgniter\Debug\Exceptions->errorHandler()
 2 SYSTEMPATH/View/View.php(213): include('/var/www/Dev/biblioteca/app/Views/libros/listar.php')
 3 SYSTEMPATH/View/View.php(216): CodeIgniter\View\View->CodeIgniter\View\{closure}()
 4 SYSTEMPATH/Common.php(1184): CodeIgniter\View\View->render()
 5 APPPATH/Controllers/Libros.php(10): view()
 6 SYSTEMPATH/CodeIgniter.php(934): App\Controllers\Libros->index()
 7 SYSTEMPATH/CodeIgniter.php(499): CodeIgniter\CodeIgniter->runController()
 8 SYSTEMPATH/CodeIgniter.php(368): CodeIgniter\CodeIgniter->handleRequest()
 9 FCPATH/index.php(67): CodeIgniter\CodeIgniter->run()
10 SYSTEMPATH/Commands/Server/rewrite.php(47): require_once('/var/www/Dev/biblioteca/public/index.php')
CRITICAL - 2023-05-05 21:40:32 --> Undefined variable $libro
in APPPATH/Views/libros/listar.php on line 11.
 1 APPPATH/Views/libros/listar.php(11): CodeIgniter\Debug\Exceptions->errorHandler()
 2 SYSTEMPATH/View/View.php(213): include('/var/www/Dev/biblioteca/app/Views/libros/listar.php')
 3 SYSTEMPATH/View/View.php(216): CodeIgniter\View\View->CodeIgniter\View\{closure}()
 4 SYSTEMPATH/Common.php(1184): CodeIgniter\View\View->render()
 5 APPPATH/Controllers/Libros.php(10): view()
 6 SYSTEMPATH/CodeIgniter.php(934): App\Controllers\Libros->index()
 7 SYSTEMPATH/CodeIgniter.php(499): CodeIgniter\CodeIgniter->runController()
 8 SYSTEMPATH/CodeIgniter.php(368): CodeIgniter\CodeIgniter->handleRequest()
 9 FCPATH/index.php(67): CodeIgniter\CodeIgniter->run()
10 SYSTEMPATH/Commands/Server/rewrite.php(47): require_once('/var/www/Dev/biblioteca/public/index.php')
CRITICAL - 2023-05-05 21:40:33 --> Undefined variable $libro
in APPPATH/Views/libros/listar.php on line 11.
 1 APPPATH/Views/libros/listar.php(11): CodeIgniter\Debug\Exceptions->errorHandler()
 2 SYSTEMPATH/View/View.php(213): include('/var/www/Dev/biblioteca/app/Views/libros/listar.php')
 3 SYSTEMPATH/View/View.php(216): CodeIgniter\View\View->CodeIgniter\View\{closure}()
 4 SYSTEMPATH/Common.php(1184): CodeIgniter\View\View->render()
 5 APPPATH/Controllers/Libros.php(10): view()
 6 SYSTEMPATH/CodeIgniter.php(934): App\Controllers\Libros->index()
 7 SYSTEMPATH/CodeIgniter.php(499): CodeIgniter\CodeIgniter->runController()
 8 SYSTEMPATH/CodeIgniter.php(368): CodeIgniter\CodeIgniter->handleRequest()
 9 FCPATH/index.php(67): CodeIgniter\CodeIgniter->run()
10 SYSTEMPATH/Commands/Server/rewrite.php(47): require_once('/var/www/Dev/biblioteca/public/index.php')
CRITICAL - 2023-05-05 21:42:22 --> Undefined variable $libros
in APPPATH/Views/libros/listar.php on line 11.
 1 APPPATH/Views/libros/listar.php(11): CodeIgniter\Debug\Exceptions->errorHandler()
 2 SYSTEMPATH/View/View.php(213): include('/var/www/Dev/biblioteca/app/Views/libros/listar.php')
 3 SYSTEMPATH/View/View.php(216): CodeIgniter\View\View->CodeIgniter\View\{closure}()
 4 SYSTEMPATH/Common.php(1184): CodeIgniter\View\View->render()
 5 APPPATH/Controllers/Libros.php(10): view()
 6 SYSTEMPATH/CodeIgniter.php(934): App\Controllers\Libros->index()
 7 SYSTEMPATH/CodeIgniter.php(499): CodeIgniter\CodeIgniter->runController()
 8 SYSTEMPATH/CodeIgniter.php(368): CodeIgniter\CodeIgniter->handleRequest()
 9 FCPATH/index.php(67): CodeIgniter\CodeIgniter->run()
10 SYSTEMPATH/Commands/Server/rewrite.php(47): require_once('/var/www/Dev/biblioteca/public/index.php')
CRITICAL - 2023-05-05 21:56:24 --> Undefined variable $libros
in APPPATH/Views/libros/listar.php on line 11.
 1 APPPATH/Views/libros/listar.php(11): CodeIgniter\Debug\Exceptions->errorHandler()
 2 SYSTEMPATH/View/View.php(213): include('/var/www/Dev/biblioteca/app/Views/libros/listar.php')
 3 SYSTEMPATH/View/View.php(216): CodeIgniter\View\View->CodeIgniter\View\{closure}()
 4 SYSTEMPATH/Common.php(1184): CodeIgniter\View\View->render()
 5 APPPATH/Controllers/Libros.php(10): view()
 6 SYSTEMPATH/CodeIgniter.php(934): App\Controllers\Libros->index()
 7 SYSTEMPATH/CodeIgniter.php(499): CodeIgniter\CodeIgniter->runController()
 8 SYSTEMPATH/CodeIgniter.php(368): CodeIgniter\CodeIgniter->handleRequest()
 9 FCPATH/index.php(67): CodeIgniter\CodeIgniter->run()
10 SYSTEMPATH/Commands/Server/rewrite.php(47): require_once('/var/www/Dev/biblioteca/public/index.php')
CRITICAL - 2023-05-05 22:48:02 --> Undefined variable $libros
in APPPATH/Views/libros/listar.php on line 11.
 1 APPPATH/Views/libros/listar.php(11): CodeIgniter\Debug\Exceptions->errorHandler()
 2 SYSTEMPATH/View/View.php(213): include('/var/www/Dev/biblioteca/app/Views/libros/listar.php')
 3 SYSTEMPATH/View/View.php(216): CodeIgniter\View\View->CodeIgniter\View\{closure}()
 4 SYSTEMPATH/Common.php(1184): CodeIgniter\View\View->render()
 5 APPPATH/Controllers/Libros.php(10): view()
 6 SYSTEMPATH/CodeIgniter.php(934): App\Controllers\Libros->index()
 7 SYSTEMPATH/CodeIgniter.php(499): CodeIgniter\CodeIgniter->runController()
 8 SYSTEMPATH/CodeIgniter.php(368): CodeIgniter\CodeIgniter->handleRequest()
 9 FCPATH/index.php(67): CodeIgniter\CodeIgniter->run()
10 SYSTEMPATH/Commands/Server/rewrite.php(47): require_once('/var/www/Dev/biblioteca/public/index.php')
CRITICAL - 2023-05-05 22:48:24 --> Undefined variable $libros
in APPPATH/Views/libros/listar.php on line 11.
 1 APPPATH/Views/libros/listar.php(11): CodeIgniter\Debug\Exceptions->errorHandler()
 2 SYSTEMPATH/View/View.php(213): include('/var/www/Dev/biblioteca/app/Views/libros/listar.php')
 3 SYSTEMPATH/View/View.php(216): CodeIgniter\View\View->CodeIgniter\View\{closure}()
 4 SYSTEMPATH/Common.php(1184): CodeIgniter\View\View->render()
 5 APPPATH/Controllers/Libros.php(10): view()
 6 SYSTEMPATH/CodeIgniter.php(934): App\Controllers\Libros->index()
 7 SYSTEMPATH/CodeIgniter.php(499): CodeIgniter\CodeIgniter->runController()
 8 SYSTEMPATH/CodeIgniter.php(368): CodeIgniter\CodeIgniter->handleRequest()
 9 FCPATH/index.php(67): CodeIgniter\CodeIgniter->run()
10 SYSTEMPATH/Commands/Server/rewrite.php(47): require_once('/var/www/Dev/biblioteca/public/index.php')
CRITICAL - 2023-05-05 22:48:42 --> Undefined variable $libros
in APPPATH/Views/libros/listar.php on line 11.
 1 APPPATH/Views/libros/listar.php(11): CodeIgniter\Debug\Exceptions->errorHandler()
 2 SYSTEMPATH/View/View.php(213): include('/var/www/Dev/biblioteca/app/Views/libros/listar.php')
 3 SYSTEMPATH/View/View.php(216): CodeIgniter\View\View->CodeIgniter\View\{closure}()
 4 SYSTEMPATH/Common.php(1184): CodeIgniter\View\View->render()
 5 APPPATH/Controllers/Libros.php(10): view()
 6 SYSTEMPATH/CodeIgniter.php(934): App\Controllers\Libros->index()
 7 SYSTEMPATH/CodeIgniter.php(499): CodeIgniter\CodeIgniter->runController()
 8 SYSTEMPATH/CodeIgniter.php(368): CodeIgniter\CodeIgniter->handleRequest()
 9 FCPATH/index.php(67): CodeIgniter\CodeIgniter->run()
10 SYSTEMPATH/Commands/Server/rewrite.php(47): require_once('/var/www/Dev/biblioteca/public/index.php')
CRITICAL - 2023-05-05 22:56:11 --> Undefined variable $libros
in APPPATH/Views/libros/listar.php on line 11.
 1 APPPATH/Views/libros/listar.php(11): CodeIgniter\Debug\Exceptions->errorHandler()
 2 SYSTEMPATH/View/View.php(213): include('/var/www/Dev/biblioteca/app/Views/libros/listar.php')
 3 SYSTEMPATH/View/View.php(216): CodeIgniter\View\View->CodeIgniter\View\{closure}()
 4 SYSTEMPATH/Common.php(1184): CodeIgniter\View\View->render()
 5 APPPATH/Controllers/Libros.php(10): view()
 6 SYSTEMPATH/CodeIgniter.php(934): App\Controllers\Libros->index()
 7 SYSTEMPATH/CodeIgniter.php(499): CodeIgniter\CodeIgniter->runController()
 8 SYSTEMPATH/CodeIgniter.php(368): CodeIgniter\CodeIgniter->handleRequest()
 9 FCPATH/index.php(67): CodeIgniter\CodeIgniter->run()
10 SYSTEMPATH/Commands/Server/rewrite.php(47): require_once('/var/www/Dev/biblioteca/public/index.php')
CRITICAL - 2023-05-05 22:56:25 --> Undefined variable $Libros
in APPPATH/Views/libros/listar.php on line 11.
 1 APPPATH/Views/libros/listar.php(11): CodeIgniter\Debug\Exceptions->errorHandler()
 2 SYSTEMPATH/View/View.php(213): include('/var/www/Dev/biblioteca/app/Views/libros/listar.php')
 3 SYSTEMPATH/View/View.php(216): CodeIgniter\View\View->CodeIgniter\View\{closure}()
 4 SYSTEMPATH/Common.php(1184): CodeIgniter\View\View->render()
 5 APPPATH/Controllers/Libros.php(10): view()
 6 SYSTEMPATH/CodeIgniter.php(934): App\Controllers\Libros->index()
 7 SYSTEMPATH/CodeIgniter.php(499): CodeIgniter\CodeIgniter->runController()
 8 SYSTEMPATH/CodeIgniter.php(368): CodeIgniter\CodeIgniter->handleRequest()
 9 FCPATH/index.php(67): CodeIgniter\CodeIgniter->run()
10 SYSTEMPATH/Commands/Server/rewrite.php(47): require_once('/var/www/Dev/biblioteca/public/index.php')
CRITICAL - 2023-05-05 22:57:19 --> Undefined variable $_libros
in APPPATH/Views/libros/listar.php on line 11.
 1 APPPATH/Views/libros/listar.php(11): CodeIgniter\Debug\Exceptions->errorHandler()
 2 SYSTEMPATH/View/View.php(213): include('/var/www/Dev/biblioteca/app/Views/libros/listar.php')
 3 SYSTEMPATH/View/View.php(216): CodeIgniter\View\View->CodeIgniter\View\{closure}()
 4 SYSTEMPATH/Common.php(1184): CodeIgniter\View\View->render()
 5 APPPATH/Controllers/Libros.php(10): view()
 6 SYSTEMPATH/CodeIgniter.php(934): App\Controllers\Libros->index()
 7 SYSTEMPATH/CodeIgniter.php(499): CodeIgniter\CodeIgniter->runController()
 8 SYSTEMPATH/CodeIgniter.php(368): CodeIgniter\CodeIgniter->handleRequest()
 9 FCPATH/index.php(67): CodeIgniter\CodeIgniter->run()
10 SYSTEMPATH/Commands/Server/rewrite.php(47): require_once('/var/www/Dev/biblioteca/public/index.php')
CRITICAL - 2023-05-05 22:57:20 --> Undefined variable $_libros
in APPPATH/Views/libros/listar.php on line 11.
 1 APPPATH/Views/libros/listar.php(11): CodeIgniter\Debug\Exceptions->errorHandler()
 2 SYSTEMPATH/View/View.php(213): include('/var/www/Dev/biblioteca/app/Views/libros/listar.php')
 3 SYSTEMPATH/View/View.php(216): CodeIgniter\View\View->CodeIgniter\View\{closure}()
 4 SYSTEMPATH/Common.php(1184): CodeIgniter\View\View->render()
 5 APPPATH/Controllers/Libros.php(10): view()
 6 SYSTEMPATH/CodeIgniter.php(934): App\Controllers\Libros->index()
 7 SYSTEMPATH/CodeIgniter.php(499): CodeIgniter\CodeIgniter->runController()
 8 SYSTEMPATH/CodeIgniter.php(368): CodeIgniter\CodeIgniter->handleRequest()
 9 FCPATH/index.php(67): CodeIgniter\CodeIgniter->run()
10 SYSTEMPATH/Commands/Server/rewrite.php(47): require_once('/var/www/Dev/biblioteca/public/index.php')
CRITICAL - 2023-05-05 22:57:35 --> Undefined variable $libros
in APPPATH/Views/libros/listar.php on line 11.
 1 APPPATH/Views/libros/listar.php(11): CodeIgniter\Debug\Exceptions->errorHandler()
 2 SYSTEMPATH/View/View.php(213): include('/var/www/Dev/biblioteca/app/Views/libros/listar.php')
 3 SYSTEMPATH/View/View.php(216): CodeIgniter\View\View->CodeIgniter\View\{closure}()
 4 SYSTEMPATH/Common.php(1184): CodeIgniter\View\View->render()
 5 APPPATH/Controllers/Libros.php(10): view()
 6 SYSTEMPATH/CodeIgniter.php(934): App\Controllers\Libros->index()
 7 SYSTEMPATH/CodeIgniter.php(499): CodeIgniter\CodeIgniter->runController()
 8 SYSTEMPATH/CodeIgniter.php(368): CodeIgniter\CodeIgniter->handleRequest()
 9 FCPATH/index.php(67): CodeIgniter\CodeIgniter->run()
10 SYSTEMPATH/Commands/Server/rewrite.php(47): require_once('/var/www/Dev/biblioteca/public/index.php')
CRITICAL - 2023-05-05 23:09:22 --> Undefined variable $_GETlibros
in APPPATH/Views/libros/listar.php on line 12.
 1 APPPATH/Views/libros/listar.php(12): CodeIgniter\Debug\Exceptions->errorHandler()
 2 SYSTEMPATH/View/View.php(213): include('/var/www/Dev/biblioteca/app/Views/libros/listar.php')
 3 SYSTEMPATH/View/View.php(216): CodeIgniter\View\View->CodeIgniter\View\{closure}()
 4 SYSTEMPATH/Common.php(1184): CodeIgniter\View\View->render()
 5 APPPATH/Controllers/Libros.php(10): view()
 6 SYSTEMPATH/CodeIgniter.php(934): App\Controllers\Libros->index()
 7 SYSTEMPATH/CodeIgniter.php(499): CodeIgniter\CodeIgniter->runController()
 8 SYSTEMPATH/CodeIgniter.php(368): CodeIgniter\CodeIgniter->handleRequest()
 9 FCPATH/index.php(67): CodeIgniter\CodeIgniter->run()
10 SYSTEMPATH/Commands/Server/rewrite.php(47): require_once('/var/www/Dev/biblioteca/public/index.php')
CRITICAL - 2023-05-05 23:11:15 --> Undefined variable $libros
in APPPATH/Views/libros/listar.php on line 12.
 1 APPPATH/Views/libros/listar.php(12): CodeIgniter\Debug\Exceptions->errorHandler()
 2 SYSTEMPATH/View/View.php(213): include('/var/www/Dev/biblioteca/app/Views/libros/listar.php')
 3 SYSTEMPATH/View/View.php(216): CodeIgniter\View\View->CodeIgniter\View\{closure}()
 4 SYSTEMPATH/Common.php(1184): CodeIgniter\View\View->render()
 5 APPPATH/Controllers/Libros.php(10): view()
 6 SYSTEMPATH/CodeIgniter.php(934): App\Controllers\Libros->index()
 7 SYSTEMPATH/CodeIgniter.php(499): CodeIgniter\CodeIgniter->runController()
 8 SYSTEMPATH/CodeIgniter.php(368): CodeIgniter\CodeIgniter->handleRequest()
 9 FCPATH/index.php(67): CodeIgniter\CodeIgniter->run()
10 SYSTEMPATH/Commands/Server/rewrite.php(47): require_once('/var/www/Dev/biblioteca/public/index.php')
CRITICAL - 2023-05-05 23:11:42 --> Undefined variable $libros
in APPPATH/Views/libros/listar.php on line 12.
 1 APPPATH/Views/libros/listar.php(12): CodeIgniter\Debug\Exceptions->errorHandler()
 2 SYSTEMPATH/View/View.php(213): include('/var/www/Dev/biblioteca/app/Views/libros/listar.php')
 3 SYSTEMPATH/View/View.php(216): CodeIgniter\View\View->CodeIgniter\View\{closure}()
 4 SYSTEMPATH/Common.php(1184): CodeIgniter\View\View->render()
 5 APPPATH/Controllers/Libros.php(10): view()
 6 SYSTEMPATH/CodeIgniter.php(934): App\Controllers\Libros->index()
 7 SYSTEMPATH/CodeIgniter.php(499): CodeIgniter\CodeIgniter->runController()
 8 SYSTEMPATH/CodeIgniter.php(368): CodeIgniter\CodeIgniter->handleRequest()
 9 FCPATH/index.php(67): CodeIgniter\CodeIgniter->run()
10 SYSTEMPATH/Commands/Server/rewrite.php(47): require_once('/var/www/Dev/biblioteca/public/index.php')
CRITICAL - 2023-05-05 23:22:33 --> Undefined variable $libros
in APPPATH/Views/libros/listar.php on line 12.
 1 APPPATH/Views/libros/listar.php(12): CodeIgniter\Debug\Exceptions->errorHandler()
 2 SYSTEMPATH/View/View.php(213): include('/var/www/Dev/biblioteca/app/Views/libros/listar.php')
 3 SYSTEMPATH/View/View.php(216): CodeIgniter\View\View->CodeIgniter\View\{closure}()
 4 SYSTEMPATH/Common.php(1184): CodeIgniter\View\View->render()
 5 APPPATH/Controllers/Libros.php(10): view()
 6 SYSTEMPATH/CodeIgniter.php(934): App\Controllers\Libros->index()
 7 SYSTEMPATH/CodeIgniter.php(499): CodeIgniter\CodeIgniter->runController()
 8 SYSTEMPATH/CodeIgniter.php(368): CodeIgniter\CodeIgniter->handleRequest()
 9 FCPATH/index.php(67): CodeIgniter\CodeIgniter->run()
10 SYSTEMPATH/Commands/Server/rewrite.php(47): require_once('/var/www/Dev/biblioteca/public/index.php')
CRITICAL - 2023-05-05 23:37:58 --> Undefined variable $libros
in APPPATH/Views/libros/listar.php on line 12.
 1 APPPATH/Views/libros/listar.php(12): CodeIgniter\Debug\Exceptions->errorHandler()
 2 SYSTEMPATH/View/View.php(213): include('/var/www/Dev/biblioteca/app/Views/libros/listar.php')
 3 SYSTEMPATH/View/View.php(216): CodeIgniter\View\View->CodeIgniter\View\{closure}()
 4 SYSTEMPATH/Common.php(1184): CodeIgniter\View\View->render()
 5 APPPATH/Controllers/Libros.php(10): view()
 6 SYSTEMPATH/CodeIgniter.php(934): App\Controllers\Libros->index()
 7 SYSTEMPATH/CodeIgniter.php(499): CodeIgniter\CodeIgniter->runController()
 8 SYSTEMPATH/CodeIgniter.php(368): CodeIgniter\CodeIgniter->handleRequest()
 9 FCPATH/index.php(67): CodeIgniter\CodeIgniter->run()
10 SYSTEMPATH/Commands/Server/rewrite.php(47): require_once('/var/www/Dev/biblioteca/public/index.php')
CRITICAL - 2023-05-05 23:38:26 --> Undefined variable $libros
in APPPATH/Views/libros/listar.php on line 24.
 1 APPPATH/Views/libros/listar.php(24): CodeIgniter\Debug\Exceptions->errorHandler()
 2 SYSTEMPATH/View/View.php(213): include('/var/www/Dev/biblioteca/app/Views/libros/listar.php')
 3 SYSTEMPATH/View/View.php(216): CodeIgniter\View\View->CodeIgniter\View\{closure}()
 4 SYSTEMPATH/Common.php(1184): CodeIgniter\View\View->render()
 5 APPPATH/Controllers/Libros.php(10): view()
 6 SYSTEMPATH/CodeIgniter.php(934): App\Controllers\Libros->index()
 7 SYSTEMPATH/CodeIgniter.php(499): CodeIgniter\CodeIgniter->runController()
 8 SYSTEMPATH/CodeIgniter.php(368): CodeIgniter\CodeIgniter->handleRequest()
 9 FCPATH/index.php(67): CodeIgniter\CodeIgniter->run()
10 SYSTEMPATH/Commands/Server/rewrite.php(47): require_once('/var/www/Dev/biblioteca/public/index.php')
CRITICAL - 2023-05-05 23:38:38 --> Undefined variable $libros
in APPPATH/Views/libros/listar.php on line 24.
 1 APPPATH/Views/libros/listar.php(24): CodeIgniter\Debug\Exceptions->errorHandler()
 2 SYSTEMPATH/View/View.php(213): include('/var/www/Dev/biblioteca/app/Views/libros/listar.php')
 3 SYSTEMPATH/View/View.php(216): CodeIgniter\View\View->CodeIgniter\View\{closure}()
 4 SYSTEMPATH/Common.php(1184): CodeIgniter\View\View->render()
 5 APPPATH/Controllers/Libros.php(10): view()
 6 SYSTEMPATH/CodeIgniter.php(934): App\Controllers\Libros->index()
 7 SYSTEMPATH/CodeIgniter.php(499): CodeIgniter\CodeIgniter->runController()
 8 SYSTEMPATH/CodeIgniter.php(368): CodeIgniter\CodeIgniter->handleRequest()
 9 FCPATH/index.php(67): CodeIgniter\CodeIgniter->run()
10 SYSTEMPATH/Commands/Server/rewrite.php(47): require_once('/var/www/Dev/biblioteca/public/index.php')
